2025-05-19 20:51:36,307 - __main__ - INFO - 開始圖片擷取程序
2025-05-19 20:51:36,308 - googlemaps.client - INFO - API queries_quota: 60
2025-05-19 20:51:36,314 - __main__ - INFO - 找到6261個景點檔案
2025-05-19 20:51:36,434 - __main__ - INFO - 處理景點: 太平山國家森林遊樂區
2025-05-19 20:51:37,016 - __main__ - INFO - 已下載圖片: ./image_data/太平山國家森林遊樂區/太平山國家森林遊樂區_1.jpg
2025-05-19 20:51:37,016 - __main__ - INFO - 已儲存太平山國家森林遊樂區的圖片 1/10
2025-05-19 20:51:37,861 - __main__ - INFO - 已下載圖片: ./image_data/太平山國家森林遊樂區/太平山國家森林遊樂區_2.jpg
2025-05-19 20:51:37,861 - __main__ - INFO - 已儲存太平山國家森林遊樂區的圖片 2/10
2025-05-19 20:51:38,521 - __main__ - INFO - 已下載圖片: ./image_data/太平山國家森林遊樂區/太平山國家森林遊樂區_3.jpg
2025-05-19 20:51:38,521 - __main__ - INFO - 已儲存太平山國家森林遊樂區的圖片 3/10
2025-05-19 20:51:39,163 - __main__ - INFO - 已下載圖片: ./image_data/太平山國家森林遊樂區/太平山國家森林遊樂區_4.jpg
2025-05-19 20:51:39,163 - __main__ - INFO - 已儲存太平山國家森林遊樂區的圖片 4/10
2025-05-19 20:51:39,914 - __main__ - INFO - 已下載圖片: ./image_data/太平山國家森林遊樂區/太平山國家森林遊樂區_5.jpg
2025-05-19 20:51:39,915 - __main__ - INFO - 已儲存太平山國家森林遊樂區的圖片 5/10
2025-05-19 20:51:40,553 - __main__ - INFO - 已下載圖片: ./image_data/太平山國家森林遊樂區/太平山國家森林遊樂區_6.jpg
2025-05-19 20:51:40,553 - __main__ - INFO - 已儲存太平山國家森林遊樂區的圖片 6/10
2025-05-19 20:51:41,165 - __main__ - INFO - 已下載圖片: ./image_data/太平山國家森林遊樂區/太平山國家森林遊樂區_7.jpg
2025-05-19 20:51:41,165 - __main__ - INFO - 已儲存太平山國家森林遊樂區的圖片 7/10
2025-05-19 20:51:41,807 - __main__ - INFO - 已下載圖片: ./image_data/太平山國家森林遊樂區/太平山國家森林遊樂區_8.jpg
2025-05-19 20:51:41,807 - __main__ - INFO - 已儲存太平山國家森林遊樂區的圖片 8/10
2025-05-19 20:51:42,500 - __main__ - INFO - 已下載圖片: ./image_data/太平山國家森林遊樂區/太平山國家森林遊樂區_9.jpg
2025-05-19 20:51:42,500 - __main__ - INFO - 已儲存太平山國家森林遊樂區的圖片 9/10
2025-05-19 20:51:43,139 - __main__ - INFO - 已下載圖片: ./image_data/太平山國家森林遊樂區/太平山國家森林遊樂區_10.jpg
2025-05-19 20:51:43,139 - __main__ - INFO - 已儲存太平山國家森林遊樂區的圖片 10/10
2025-05-19 20:51:43,640 - __main__ - INFO - 完成處理太平山國家森林遊樂區
2025-05-19 20:51:44,681 - __main__ - INFO - 處理景點: 滿月圓國家森林遊樂區
2025-05-19 20:51:45,362 - __main__ - INFO - 已下載圖片: ./image_data/滿月圓國家森林遊樂區/滿月圓國家森林遊樂區_1.jpg
2025-05-19 20:51:45,362 - __main__ - INFO - 已儲存滿月圓國家森林遊樂區的圖片 1/10
2025-05-19 20:51:46,059 - __main__ - INFO - 已下載圖片: ./image_data/滿月圓國家森林遊樂區/滿月圓國家森林遊樂區_2.jpg
2025-05-19 20:51:46,060 - __main__ - INFO - 已儲存滿月圓國家森林遊樂區的圖片 2/10
2025-05-19 20:51:46,895 - __main__ - INFO - 已下載圖片: ./image_data/滿月圓國家森林遊樂區/滿月圓國家森林遊樂區_3.jpg
2025-05-19 20:51:46,895 - __main__ - INFO - 已儲存滿月圓國家森林遊樂區的圖片 3/10
2025-05-19 20:51:47,514 - __main__ - INFO - 已下載圖片: ./image_data/滿月圓國家森林遊樂區/滿月圓國家森林遊樂區_4.jpg
2025-05-19 20:51:47,514 - __main__ - INFO - 已儲存滿月圓國家森林遊樂區的圖片 4/10
2025-05-19 20:51:48,129 - __main__ - INFO - 已下載圖片: ./image_data/滿月圓國家森林遊樂區/滿月圓國家森林遊樂區_5.jpg
2025-05-19 20:51:48,129 - __main__ - INFO - 已儲存滿月圓國家森林遊樂區的圖片 5/10
2025-05-19 20:51:48,848 - __main__ - INFO - 已下載圖片: ./image_data/滿月圓國家森林遊樂區/滿月圓國家森林遊樂區_6.jpg
2025-05-19 20:51:48,848 - __main__ - INFO - 已儲存滿月圓國家森林遊樂區的圖片 6/10
2025-05-19 20:51:49,617 - __main__ - INFO - 已下載圖片: ./image_data/滿月圓國家森林遊樂區/滿月圓國家森林遊樂區_7.jpg
2025-05-19 20:51:49,618 - __main__ - INFO - 已儲存滿月圓國家森林遊樂區的圖片 7/10
2025-05-19 20:51:50,234 - __main__ - INFO - 已下載圖片: ./image_data/滿月圓國家森林遊樂區/滿月圓國家森林遊樂區_8.jpg
2025-05-19 20:51:50,234 - __main__ - INFO - 已儲存滿月圓國家森林遊樂區的圖片 8/10
2025-05-19 20:51:50,854 - __main__ - INFO - 已下載圖片: ./image_data/滿月圓國家森林遊樂區/滿月圓國家森林遊樂區_9.jpg
2025-05-19 20:51:50,855 - __main__ - INFO - 已儲存滿月圓國家森林遊樂區的圖片 9/10
2025-05-19 20:51:51,464 - __main__ - INFO - 已下載圖片: ./image_data/滿月圓國家森林遊樂區/滿月圓國家森林遊樂區_10.jpg
2025-05-19 20:51:51,464 - __main__ - INFO - 已儲存滿月圓國家森林遊樂區的圖片 10/10
2025-05-19 20:51:51,965 - __main__ - INFO - 完成處理滿月圓國家森林遊樂區
2025-05-19 20:51:52,993 - __main__ - INFO - 處理景點: 內洞國家森林遊樂區
2025-05-19 20:51:53,441 - __main__ - INFO - 已下載圖片: ./image_data/內洞國家森林遊樂區/內洞國家森林遊樂區_1.jpg
2025-05-19 20:51:53,442 - __main__ - INFO - 已儲存內洞國家森林遊樂區的圖片 1/10
2025-05-19 20:51:54,058 - __main__ - INFO - 已下載圖片: ./image_data/內洞國家森林遊樂區/內洞國家森林遊樂區_2.jpg
2025-05-19 20:51:54,058 - __main__ - INFO - 已儲存內洞國家森林遊樂區的圖片 2/10
2025-05-19 20:51:54,708 - __main__ - INFO - 已下載圖片: ./image_data/內洞國家森林遊樂區/內洞國家森林遊樂區_3.jpg
2025-05-19 20:51:54,708 - __main__ - INFO - 已儲存內洞國家森林遊樂區的圖片 3/10
2025-05-19 20:51:55,344 - __main__ - INFO - 已下載圖片: ./image_data/內洞國家森林遊樂區/內洞國家森林遊樂區_4.jpg
2025-05-19 20:51:55,344 - __main__ - INFO - 已儲存內洞國家森林遊樂區的圖片 4/10
2025-05-19 20:51:56,106 - __main__ - INFO - 已下載圖片: ./image_data/內洞國家森林遊樂區/內洞國家森林遊樂區_5.jpg
2025-05-19 20:51:56,106 - __main__ - INFO - 已儲存內洞國家森林遊樂區的圖片 5/10
2025-05-19 20:51:57,006 - __main__ - INFO - 已下載圖片: ./image_data/內洞國家森林遊樂區/內洞國家森林遊樂區_6.jpg
2025-05-19 20:51:57,007 - __main__ - INFO - 已儲存內洞國家森林遊樂區的圖片 6/10
2025-05-19 20:51:57,875 - __main__ - INFO - 已下載圖片: ./image_data/內洞國家森林遊樂區/內洞國家森林遊樂區_7.jpg
2025-05-19 20:51:57,876 - __main__ - INFO - 已儲存內洞國家森林遊樂區的圖片 7/10
2025-05-19 20:51:58,525 - __main__ - INFO - 已下載圖片: ./image_data/內洞國家森林遊樂區/內洞國家森林遊樂區_8.jpg
2025-05-19 20:51:58,525 - __main__ - INFO - 已儲存內洞國家森林遊樂區的圖片 8/10
2025-05-19 20:51:59,242 - __main__ - INFO - 已下載圖片: ./image_data/內洞國家森林遊樂區/內洞國家森林遊樂區_9.jpg
2025-05-19 20:51:59,242 - __main__ - INFO - 已儲存內洞國家森林遊樂區的圖片 9/10
2025-05-19 20:51:59,869 - __main__ - INFO - 已下載圖片: ./image_data/內洞國家森林遊樂區/內洞國家森林遊樂區_10.jpg
2025-05-19 20:51:59,869 - __main__ - INFO - 已儲存內洞國家森林遊樂區的圖片 10/10
2025-05-19 20:52:00,370 - __main__ - INFO - 完成處理內洞國家森林遊樂區
2025-05-19 20:52:01,397 - __main__ - INFO - 處理景點: 東眼山國家森林遊樂區
2025-05-19 20:52:01,946 - __main__ - INFO - 已下載圖片: ./image_data/東眼山國家森林遊樂區/東眼山國家森林遊樂區_1.jpg
2025-05-19 20:52:01,947 - __main__ - INFO - 已儲存東眼山國家森林遊樂區的圖片 1/10
2025-05-19 20:52:02,559 - __main__ - INFO - 已下載圖片: ./image_data/東眼山國家森林遊樂區/東眼山國家森林遊樂區_2.jpg
2025-05-19 20:52:02,559 - __main__ - INFO - 已儲存東眼山國家森林遊樂區的圖片 2/10
2025-05-19 20:52:03,161 - __main__ - INFO - 已下載圖片: ./image_data/東眼山國家森林遊樂區/東眼山國家森林遊樂區_3.jpg
2025-05-19 20:52:03,161 - __main__ - INFO - 已儲存東眼山國家森林遊樂區的圖片 3/10
2025-05-19 20:52:03,786 - __main__ - INFO - 已下載圖片: ./image_data/東眼山國家森林遊樂區/東眼山國家森林遊樂區_4.jpg
2025-05-19 20:52:03,787 - __main__ - INFO - 已儲存東眼山國家森林遊樂區的圖片 4/10
2025-05-19 20:52:04,429 - __main__ - INFO - 已下載圖片: ./image_data/東眼山國家森林遊樂區/東眼山國家森林遊樂區_5.jpg
2025-05-19 20:52:04,429 - __main__ - INFO - 已儲存東眼山國家森林遊樂區的圖片 5/10
2025-05-19 20:52:05,082 - __main__ - INFO - 已下載圖片: ./image_data/東眼山國家森林遊樂區/東眼山國家森林遊樂區_6.jpg
2025-05-19 20:52:05,082 - __main__ - INFO - 已儲存東眼山國家森林遊樂區的圖片 6/10
2025-05-19 20:52:05,735 - __main__ - INFO - 已下載圖片: ./image_data/東眼山國家森林遊樂區/東眼山國家森林遊樂區_7.jpg
2025-05-19 20:52:05,735 - __main__ - INFO - 已儲存東眼山國家森林遊樂區的圖片 7/10
2025-05-19 20:52:06,618 - __main__ - INFO - 已下載圖片: ./image_data/東眼山國家森林遊樂區/東眼山國家森林遊樂區_8.jpg
2025-05-19 20:52:06,619 - __main__ - INFO - 已儲存東眼山國家森林遊樂區的圖片 8/10
2025-05-19 20:52:07,220 - __main__ - INFO - 已下載圖片: ./image_data/東眼山國家森林遊樂區/東眼山國家森林遊樂區_9.jpg
2025-05-19 20:52:07,221 - __main__ - INFO - 已儲存東眼山國家森林遊樂區的圖片 9/10
2025-05-19 20:52:07,901 - __main__ - INFO - 已下載圖片: ./image_data/東眼山國家森林遊樂區/東眼山國家森林遊樂區_10.jpg
2025-05-19 20:52:07,901 - __main__ - INFO - 已儲存東眼山國家森林遊樂區的圖片 10/10
2025-05-19 20:52:08,401 - __main__ - INFO - 完成處理東眼山國家森林遊樂區
2025-05-19 20:52:09,535 - __main__ - INFO - 處理景點: 觀霧國家森林遊樂區
2025-05-19 20:52:10,105 - __main__ - INFO - 已下載圖片: ./image_data/觀霧國家森林遊樂區/觀霧國家森林遊樂區_1.jpg
2025-05-19 20:52:10,105 - __main__ - INFO - 已儲存觀霧國家森林遊樂區的圖片 1/10
2025-05-19 20:52:10,875 - __main__ - INFO - 已下載圖片: ./image_data/觀霧國家森林遊樂區/觀霧國家森林遊樂區_2.jpg
2025-05-19 20:52:10,875 - __main__ - INFO - 已儲存觀霧國家森林遊樂區的圖片 2/10
2025-05-19 20:52:11,523 - __main__ - INFO - 已下載圖片: ./image_data/觀霧國家森林遊樂區/觀霧國家森林遊樂區_3.jpg
2025-05-19 20:52:11,524 - __main__ - INFO - 已儲存觀霧國家森林遊樂區的圖片 3/10
2025-05-19 20:52:12,159 - __main__ - INFO - 已下載圖片: ./image_data/觀霧國家森林遊樂區/觀霧國家森林遊樂區_4.jpg
2025-05-19 20:52:12,159 - __main__ - INFO - 已儲存觀霧國家森林遊樂區的圖片 4/10
2025-05-19 20:52:12,793 - __main__ - INFO - 已下載圖片: ./image_data/觀霧國家森林遊樂區/觀霧國家森林遊樂區_5.jpg
2025-05-19 20:52:12,793 - __main__ - INFO - 已儲存觀霧國家森林遊樂區的圖片 5/10
2025-05-19 20:52:13,429 - __main__ - INFO - 已下載圖片: ./image_data/觀霧國家森林遊樂區/觀霧國家森林遊樂區_6.jpg
2025-05-19 20:52:13,430 - __main__ - INFO - 已儲存觀霧國家森林遊樂區的圖片 6/10
2025-05-19 20:52:14,092 - __main__ - INFO - 已下載圖片: ./image_data/觀霧國家森林遊樂區/觀霧國家森林遊樂區_7.jpg
2025-05-19 20:52:14,092 - __main__ - INFO - 已儲存觀霧國家森林遊樂區的圖片 7/10
2025-05-19 20:52:14,775 - __main__ - INFO - 已下載圖片: ./image_data/觀霧國家森林遊樂區/觀霧國家森林遊樂區_8.jpg
2025-05-19 20:52:14,775 - __main__ - INFO - 已儲存觀霧國家森林遊樂區的圖片 8/10
2025-05-19 20:52:15,388 - __main__ - INFO - 已下載圖片: ./image_data/觀霧國家森林遊樂區/觀霧國家森林遊樂區_9.jpg
2025-05-19 20:52:15,388 - __main__ - INFO - 已儲存觀霧國家森林遊樂區的圖片 9/10
2025-05-19 20:52:16,021 - __main__ - INFO - 已下載圖片: ./image_data/觀霧國家森林遊樂區/觀霧國家森林遊樂區_10.jpg
2025-05-19 20:52:16,022 - __main__ - INFO - 已儲存觀霧國家森林遊樂區的圖片 10/10
2025-05-19 20:52:16,523 - __main__ - INFO - 完成處理觀霧國家森林遊樂區
2025-05-19 20:52:17,554 - __main__ - INFO - 處理景點: 拉拉山國家森林遊樂區
2025-05-19 20:52:18,920 - __main__ - INFO - 已下載圖片: ./image_data/拉拉山國家森林遊樂區/拉拉山國家森林遊樂區_1.jpg
2025-05-19 20:52:18,920 - __main__ - INFO - 已儲存拉拉山國家森林遊樂區的圖片 1/10
2025-05-19 20:52:19,565 - __main__ - INFO - 已下載圖片: ./image_data/拉拉山國家森林遊樂區/拉拉山國家森林遊樂區_2.jpg
2025-05-19 20:52:19,565 - __main__ - INFO - 已儲存拉拉山國家森林遊樂區的圖片 2/10
2025-05-19 20:52:20,180 - __main__ - INFO - 已下載圖片: ./image_data/拉拉山國家森林遊樂區/拉拉山國家森林遊樂區_3.jpg
2025-05-19 20:52:20,180 - __main__ - INFO - 已儲存拉拉山國家森林遊樂區的圖片 3/10
2025-05-19 20:52:20,910 - __main__ - INFO - 已下載圖片: ./image_data/拉拉山國家森林遊樂區/拉拉山國家森林遊樂區_4.jpg
2025-05-19 20:52:20,910 - __main__ - INFO - 已儲存拉拉山國家森林遊樂區的圖片 4/10
2025-05-19 20:52:21,580 - __main__ - INFO - 已下載圖片: ./image_data/拉拉山國家森林遊樂區/拉拉山國家森林遊樂區_5.jpg
2025-05-19 20:52:21,580 - __main__ - INFO - 已儲存拉拉山國家森林遊樂區的圖片 5/10
2025-05-19 20:52:22,239 - __main__ - INFO - 已下載圖片: ./image_data/拉拉山國家森林遊樂區/拉拉山國家森林遊樂區_6.jpg
2025-05-19 20:52:22,239 - __main__ - INFO - 已儲存拉拉山國家森林遊樂區的圖片 6/10
2025-05-19 20:52:22,997 - __main__ - INFO - 已下載圖片: ./image_data/拉拉山國家森林遊樂區/拉拉山國家森林遊樂區_7.jpg
2025-05-19 20:52:22,998 - __main__ - INFO - 已儲存拉拉山國家森林遊樂區的圖片 7/10
2025-05-19 20:52:23,698 - __main__ - INFO - 已下載圖片: ./image_data/拉拉山國家森林遊樂區/拉拉山國家森林遊樂區_8.jpg
2025-05-19 20:52:23,698 - __main__ - INFO - 已儲存拉拉山國家森林遊樂區的圖片 8/10
2025-05-19 20:52:24,346 - __main__ - INFO - 已下載圖片: ./image_data/拉拉山國家森林遊樂區/拉拉山國家森林遊樂區_9.jpg
2025-05-19 20:52:24,347 - __main__ - INFO - 已儲存拉拉山國家森林遊樂區的圖片 9/10
2025-05-19 20:52:25,068 - __main__ - INFO - 已下載圖片: ./image_data/拉拉山國家森林遊樂區/拉拉山國家森林遊樂區_10.jpg
2025-05-19 20:52:25,068 - __main__ - INFO - 已儲存拉拉山國家森林遊樂區的圖片 10/10
2025-05-19 20:52:25,569 - __main__ - INFO - 完成處理拉拉山國家森林遊樂區
2025-05-19 20:52:26,627 - __main__ - INFO - 處理景點: 八仙山國家森林遊樂區
2025-05-19 20:52:27,395 - __main__ - INFO - 已下載圖片: ./image_data/八仙山國家森林遊樂區/八仙山國家森林遊樂區_1.jpg
2025-05-19 20:52:27,395 - __main__ - INFO - 已儲存八仙山國家森林遊樂區的圖片 1/10
2025-05-19 20:52:28,011 - __main__ - INFO - 已下載圖片: ./image_data/八仙山國家森林遊樂區/八仙山國家森林遊樂區_2.jpg
2025-05-19 20:52:28,012 - __main__ - INFO - 已儲存八仙山國家森林遊樂區的圖片 2/10
2025-05-19 20:52:28,821 - __main__ - INFO - 已下載圖片: ./image_data/八仙山國家森林遊樂區/八仙山國家森林遊樂區_3.jpg
2025-05-19 20:52:28,821 - __main__ - INFO - 已儲存八仙山國家森林遊樂區的圖片 3/10
2025-05-19 20:52:29,510 - __main__ - INFO - 已下載圖片: ./image_data/八仙山國家森林遊樂區/八仙山國家森林遊樂區_4.jpg
2025-05-19 20:52:29,510 - __main__ - INFO - 已儲存八仙山國家森林遊樂區的圖片 4/10
2025-05-19 20:52:30,150 - __main__ - INFO - 已下載圖片: ./image_data/八仙山國家森林遊樂區/八仙山國家森林遊樂區_5.jpg
2025-05-19 20:52:30,150 - __main__ - INFO - 已儲存八仙山國家森林遊樂區的圖片 5/10
